  pch.cpp
  AnimationHandler.cpp
  BinaryFileMenager.cpp
C:\Users\JeLLek\Desktop\programowanie\symulacja\Simulation\Simulation\BinaryFileMenager.cpp(33): warning C4244: "inicjowanie": konwersja z "std::streamoff" do "int", możliwa utrata danych
  Button.cpp
C:\Users\JeLLek\Desktop\programowanie\symulacja\Simulation\Simulation\Button.cpp(27): warning C4244: "+=": konwersja z "float" do "int", możliwa utrata danych
C:\Users\JeLLek\Desktop\programowanie\symulacja\Simulation\Simulation\Button.cpp(38): warning C4244: "-=": konwersja z "float" do "int", możliwa utrata danych
  main.cpp
  Man.cpp
C:\Users\JeLLek\Desktop\programowanie\symulacja\Simulation\Simulation\Man.cpp(18): warning C4244: "argument": konwersja z "T" do "T", możliwa utrata danych
          with
          [
              T=unsigned int
          ]
          and
          [
              T=float
          ]
C:\Users\JeLLek\Desktop\programowanie\symulacja\Simulation\Simulation\Man.cpp(20): warning C4244: "argument": konwersja z "double" do "T", możliwa utrata danych
          with
          [
              T=float
          ]
C:\Users\JeLLek\Desktop\programowanie\symulacja\Simulation\Simulation\Man.cpp(25): warning C4244: "argument": konwersja z "double" do "T", możliwa utrata danych
          with
          [
              T=float
          ]
  ManAi.cpp
  Map.cpp
C:\Users\JeLLek\Desktop\programowanie\symulacja\Simulation\Simulation\Map.cpp(52): warning C4018: "<": niezgodność typu ze znakiem/bez znaku
C:\Users\JeLLek\Desktop\programowanie\symulacja\Simulation\Simulation\Map.cpp(57): warning C4018: "<": niezgodność typu ze znakiem/bez znaku
  PeopleMenager.cpp
  Simulation.cpp
C:\Users\JeLLek\Desktop\programowanie\symulacja\Simulation\Simulation\Simulation.cpp(124): warning C4244: "argument": konwersja z "time_t" do "unsigned int", możliwa utrata danych
C:\Users\JeLLek\Desktop\programowanie\symulacja\Simulation\Simulation\Simulation.cpp(137): warning C4244: "argument": konwersja z "double" do "T", możliwa utrata danych
          with
          [
              T=float
          ]
  SimulationState.cpp
  SimulationStateEditor.cpp
C:\Users\JeLLek\Desktop\programowanie\symulacja\Simulation\Simulation\SimulationStateEditor.cpp(60): warning C4244: "argument": konwersja z "float" do "T", możliwa utrata danych
          with
          [
              T=unsigned int
          ]
C:\Users\JeLLek\Desktop\programowanie\symulacja\Simulation\Simulation\SimulationStateEditor.cpp(85): warning C4244: "argument": konwersja z "float" do "T", możliwa utrata danych
          with
          [
              T=unsigned int
          ]
  SimulationStateMain.cpp
  SimulationStateStart.cpp
  SimView.cpp
C:\Users\JeLLek\Desktop\programowanie\symulacja\Simulation\Simulation\SimView.cpp(19): warning C4244: "=": konwersja z "T" do "T", możliwa utrata danych
          with
          [
              T=int
          ]
          and
          [
              T=float
          ]
C:\Users\JeLLek\Desktop\programowanie\symulacja\Simulation\Simulation\SimView.cpp(21): warning C4244: "=": konwersja z "T" do "T", możliwa utrata danych
          with
          [
              T=int
          ]
          and
          [
              T=float
          ]
C:\Users\JeLLek\Desktop\programowanie\symulacja\Simulation\Simulation\SimView.cpp(32): warning C4244: "=": konwersja z "T" do "T", możliwa utrata danych
          with
          [
              T=int
          ]
          and
          [
              T=float
          ]
C:\Users\JeLLek\Desktop\programowanie\symulacja\Simulation\Simulation\SimView.cpp(34): warning C4244: "=": konwersja z "T" do "T", możliwa utrata danych
          with
          [
              T=int
          ]
          and
          [
              T=float
          ]
  SimWindow.cpp
  SpriteDividedMenager.cpp
  StaticObject.cpp
  StaticObjectFireplace.cpp
C:\Users\JeLLek\Desktop\programowanie\symulacja\Simulation\Simulation\StaticObjectFireplace.cpp(11): warning C4244: "argument": konwersja z "T" do "T", możliwa utrata danych
          with
          [
              T=unsigned int
          ]
          and
          [
              T=float
          ]
  staticObjectResouces.cpp
C:\Users\JeLLek\Desktop\programowanie\symulacja\Simulation\Simulation\staticObjectResouces.cpp(12): warning C4244: "argument": konwersja z "T" do "T", możliwa utrata danych
          with
          [
              T=unsigned int
          ]
          and
          [
              T=float
          ]
  TextureManager.cpp
  Trwa kompilowanie...
  Tile.cpp
C:\Users\JeLLek\Desktop\programowanie\symulacja\Simulation\Simulation\Tile.cpp(24): warning C4244: "argument": konwersja z "unsigned int" do "T", możliwa utrata danych
          with
          [
              T=float
          ]
  Trwa generowanie kodu
  Previous IPDB not found, fall back to full compilation.
  All 1260 functions were compiled because no usable IPDB/IOBJ from previous compilation was found.
  Zakończono generowanie kodu
  Simulation.vcxproj -> C:\Users\JeLLek\Desktop\programowanie\symulacja\Simulation\x64\Release\Simulation.exe
